1715921497.515904 client started (606947): version 3.2a, socket /tmp/tmux-1001/default, protocol 8
1715921497.515941 on Linux 5.14.0-1048-oem #55-Ubuntu SMP Mon Aug 8 14:58:10 UTC 2022
1715921497.515951 using libevent 2.1.12-stable (poll); ncurses 6.3
1715921497.515971 flags are 0x10010000
1715921497.515977 socket is /tmp/tmux-1001/default
1715921497.515993 trying connect
1715921497.516073 add peer 0x55df0669c9b0: 6 ((nil))
1715921497.516413 sending message 100 to peer 0x55df0669c9b0 (4 bytes)
1715921497.516429 sending message 111 to peer 0x55df0669c9b0 (8 bytes)
1715921497.516436 sending message 101 to peer 0x55df0669c9b0 (7 bytes)
1715921497.516442 sending message 109 to peer 0x55df0669c9b0 (4 bytes)
1715921497.516448 sending message 102 to peer 0x55df0669c9b0 (11 bytes)
1715921497.516455 sending message 108 to peer 0x55df0669c9b0 (27 bytes)
1715921497.516462 sending message 112 to peer 0x55df0669c9b0 (70 bytes)
1715921497.516469 sending message 112 to peer 0x55df0669c9b0 (5 bytes)
1715921497.516475 sending message 112 to peer 0x55df0669c9b0 (5 bytes)
1715921497.516481 sending message 112 to peer 0x55df0669c9b0 (6 bytes)
1715921497.516487 sending message 112 to peer 0x55df0669c9b0 (6 bytes)
1715921497.516493 sending message 112 to peer 0x55df0669c9b0 (11 bytes)
1715921497.516499 sending message 112 to peer 0x55df0669c9b0 (10 bytes)
1715921497.516505 sending message 112 to peer 0x55df0669c9b0 (13 bytes)
1715921497.516511 sending message 112 to peer 0x55df0669c9b0 (13 bytes)
1715921497.516517 sending message 112 to peer 0x55df0669c9b0 (18 bytes)
1715921497.516523 sending message 112 to peer 0x55df0669c9b0 (9 bytes)
1715921497.516529 sending message 112 to peer 0x55df0669c9b0 (21 bytes)
1715921497.516535 sending message 112 to peer 0x55df0669c9b0 (13 bytes)
1715921497.516540 sending message 112 to peer 0x55df0669c9b0 (7 bytes)
1715921497.516547 sending message 112 to peer 0x55df0669c9b0 (13 bytes)
1715921497.516554 sending message 112 to peer 0x55df0669c9b0 (7 bytes)
1715921497.516560 sending message 112 to peer 0x55df0669c9b0 (13 bytes)
1715921497.516565 sending message 112 to peer 0x55df0669c9b0 (9 bytes)
1715921497.516572 sending message 112 to peer 0x55df0669c9b0 (21 bytes)
1715921497.516578 sending message 112 to peer 0x55df0669c9b0 (13 bytes)
1715921497.516584 sending message 112 to peer 0x55df0669c9b0 (8 bytes)
1715921497.516590 sending message 112 to peer 0x55df0669c9b0 (12 bytes)
1715921497.516596 sending message 112 to peer 0x55df0669c9b0 (13 bytes)
1715921497.516602 sending message 112 to peer 0x55df0669c9b0 (9 bytes)
1715921497.516608 sending message 112 to peer 0x55df0669c9b0 (9 bytes)
1715921497.516614 sending message 112 to peer 0x55df0669c9b0 (12 bytes)
1715921497.516619 sending message 112 to peer 0x55df0669c9b0 (8 bytes)
1715921497.516625 sending message 112 to peer 0x55df0669c9b0 (7 bytes)
1715921497.516631 sending message 112 to peer 0x55df0669c9b0 (7 bytes)
1715921497.516637 sending message 112 to peer 0x55df0669c9b0 (9 bytes)
1715921497.516643 sending message 112 to peer 0x55df0669c9b0 (13 bytes)
1715921497.516649 sending message 112 to peer 0x55df0669c9b0 (9 bytes)
1715921497.516654 sending message 112 to peer 0x55df0669c9b0 (15 bytes)
1715921497.516660 sending message 112 to peer 0x55df0669c9b0 (13 bytes)
1715921497.516666 sending message 112 to peer 0x55df0669c9b0 (12 bytes)
1715921497.516672 sending message 112 to peer 0x55df0669c9b0 (8 bytes)
1715921497.516679 sending message 112 to peer 0x55df0669c9b0 (14 bytes)
1715921497.516685 sending message 112 to peer 0x55df0669c9b0 (9 bytes)
1715921497.516691 sending message 112 to peer 0x55df0669c9b0 (10 bytes)
1715921497.516697 sending message 112 to peer 0x55df0669c9b0 (10 bytes)
1715921497.516703 sending message 112 to peer 0x55df0669c9b0 (10 bytes)
1715921497.516709 sending message 112 to peer 0x55df0669c9b0 (10 bytes)
1715921497.516714 sending message 112 to peer 0x55df0669c9b0 (11 bytes)
1715921497.516720 sending message 112 to peer 0x55df0669c9b0 (10 bytes)
1715921497.516726 sending message 112 to peer 0x55df0669c9b0 (8 bytes)
1715921497.516732 sending message 112 to peer 0x55df0669c9b0 (11 bytes)
1715921497.516747 sending message 112 to peer 0x55df0669c9b0 (11 bytes)
1715921497.516753 sending message 112 to peer 0x55df0669c9b0 (11 bytes)
1715921497.516759 sending message 112 to peer 0x55df0669c9b0 (8 bytes)
1715921497.516765 sending message 112 to peer 0x55df0669c9b0 (8 bytes)
1715921497.516771 sending message 112 to peer 0x55df0669c9b0 (8 bytes)
1715921497.516777 sending message 112 to peer 0x55df0669c9b0 (10 bytes)
1715921497.516783 sending message 112 to peer 0x55df0669c9b0 (10 bytes)
1715921497.516789 sending message 112 to peer 0x55df0669c9b0 (10 bytes)
1715921497.516795 sending message 112 to peer 0x55df0669c9b0 (10 bytes)
1715921497.516801 sending message 112 to peer 0x55df0669c9b0 (10 bytes)
1715921497.516806 sending message 112 to peer 0x55df0669c9b0 (11 bytes)
1715921497.516813 sending message 112 to peer 0x55df0669c9b0 (11 bytes)
1715921497.516819 sending message 112 to peer 0x55df0669c9b0 (10 bytes)
1715921497.516826 sending message 112 to peer 0x55df0669c9b0 (9 bytes)
1715921497.516832 sending message 112 to peer 0x55df0669c9b0 (9 bytes)
1715921497.516838 sending message 112 to peer 0x55df0669c9b0 (12 bytes)
1715921497.516844 sending message 112 to peer 0x55df0669c9b0 (9 bytes)
1715921497.516850 sending message 112 to peer 0x55df0669c9b0 (6 bytes)
1715921497.516857 sending message 112 to peer 0x55df0669c9b0 (8 bytes)
1715921497.516863 sending message 112 to peer 0x55df0669c9b0 (15 bytes)
1715921497.516869 sending message 112 to peer 0x55df0669c9b0 (13 bytes)
1715921497.516875 sending message 112 to peer 0x55df0669c9b0 (16 bytes)
1715921497.516882 sending message 112 to peer 0x55df0669c9b0 (16 bytes)
1715921497.516888 sending message 112 to peer 0x55df0669c9b0 (10 bytes)
1715921497.516894 sending message 112 to peer 0x55df0669c9b0 (8 bytes)
1715921497.516900 sending message 112 to peer 0x55df0669c9b0 (15 bytes)
1715921497.516906 sending message 112 to peer 0x55df0669c9b0 (13 bytes)
1715921497.516912 sending message 112 to peer 0x55df0669c9b0 (10 bytes)
1715921497.516918 sending message 112 to peer 0x55df0669c9b0 (10 bytes)
1715921497.516924 sending message 112 to peer 0x55df0669c9b0 (5 bytes)
1715921497.516930 sending message 112 to peer 0x55df0669c9b0 (15 bytes)
1715921497.516937 sending message 104 to peer 0x55df0669c9b0 (0 bytes)
1715921497.516944 sending message 110 to peer 0x55df0669c9b0 (0 bytes)
1715921497.516952 sending message 107 to peer 0x55df0669c9b0 (4 bytes)
1715921497.516958 sending message 105 to peer 0x55df0669c9b0 (16 bytes)
1715921497.516964 sending message 105 to peer 0x55df0669c9b0 (98 bytes)
1715921497.516970 sending message 105 to peer 0x55df0669c9b0 (19 bytes)
1715921497.516976 sending message 105 to peer 0x55df0669c9b0 (20 bytes)
1715921497.516983 sending message 105 to peer 0x55df0669c9b0 (50 bytes)
1715921497.516989 sending message 105 to peer 0x55df0669c9b0 (33 bytes)
1715921497.516995 sending message 105 to peer 0x55df0669c9b0 (63 bytes)
1715921497.517001 sending message 105 to peer 0x55df0669c9b0 (23 bytes)
1715921497.517007 sending message 105 to peer 0x55df0669c9b0 (26 bytes)
1715921497.517013 sending message 105 to peer 0x55df0669c9b0 (44 bytes)
1715921497.517019 sending message 105 to peer 0x55df0669c9b0 (19 bytes)
1715921497.517025 sending message 105 to peer 0x55df0669c9b0 (36 bytes)
1715921497.517031 sending message 105 to peer 0x55df0669c9b0 (23 bytes)
1715921497.517037 sending message 105 to peer 0x55df0669c9b0 (46 bytes)
1715921497.517043 sending message 105 to peer 0x55df0669c9b0 (32 bytes)
1715921497.517049 sending message 105 to peer 0x55df0669c9b0 (20 bytes)
1715921497.517055 sending message 105 to peer 0x55df0669c9b0 (41 bytes)
1715921497.517062 sending message 105 to peer 0x55df0669c9b0 (61 bytes)
1715921497.517068 sending message 105 to peer 0x55df0669c9b0 (20 bytes)
1715921497.517074 sending message 105 to peer 0x55df0669c9b0 (28 bytes)
1715921497.517081 sending message 105 to peer 0x55df0669c9b0 (24 bytes)
1715921497.517088 sending message 105 to peer 0x55df0669c9b0 (28 bytes)
1715921497.517093 sending message 105 to peer 0x55df0669c9b0 (31 bytes)
1715921497.517107 sending message 105 to peer 0x55df0669c9b0 (32 bytes)
1715921497.517113 sending message 105 to peer 0x55df0669c9b0 (16 bytes)
1715921497.517119 sending message 105 to peer 0x55df0669c9b0 (21 bytes)
1715921497.517125 sending message 105 to peer 0x55df0669c9b0 (52 bytes)
1715921497.517131 sending message 105 to peer 0x55df0669c9b0 (22 bytes)
1715921497.517138 sending message 105 to peer 0x55df0669c9b0 (41 bytes)
1715921497.517144 sending message 105 to peer 0x55df0669c9b0 (13 bytes)
1715921497.517150 sending message 105 to peer 0x55df0669c9b0 (19 bytes)
1715921497.517156 sending message 105 to peer 0x55df0669c9b0 (17 bytes)
1715921497.517183 sending message 105 to peer 0x55df0669c9b0 (18 bytes)
1715921497.517192 sending message 105 to peer 0x55df0669c9b0 (21 bytes)
1715921497.517198 sending message 105 to peer 0x55df0669c9b0 (17 bytes)
1715921497.517205 sending message 105 to peer 0x55df0669c9b0 (1519 bytes)
1715921497.517213 sending message 105 to peer 0x55df0669c9b0 (33 bytes)
1715921497.517219 sending message 105 to peer 0x55df0669c9b0 (17 bytes)
1715921497.517226 sending message 105 to peer 0x55df0669c9b0 (86 bytes)
1715921497.517232 sending message 105 to peer 0x55df0669c9b0 (27 bytes)
1715921497.517238 sending message 105 to peer 0x55df0669c9b0 (34 bytes)
1715921497.517244 sending message 105 to peer 0x55df0669c9b0 (23 bytes)
1715921497.517250 sending message 105 to peer 0x55df0669c9b0 (12 bytes)
1715921497.517256 sending message 105 to peer 0x55df0669c9b0 (30 bytes)
1715921497.517262 sending message 105 to peer 0x55df0669c9b0 (32 bytes)
1715921497.517268 sending message 105 to peer 0x55df0669c9b0 (13 bytes)
1715921497.517275 sending message 105 to peer 0x55df0669c9b0 (13 bytes)
1715921497.517281 sending message 105 to peer 0x55df0669c9b0 (29 bytes)
1715921497.517287 sending message 105 to peer 0x55df0669c9b0 (11 bytes)
1715921497.517294 sending message 105 to peer 0x55df0669c9b0 (8 bytes)
1715921497.517304 sending message 105 to peer 0x55df0669c9b0 (14 bytes)
1715921497.517313 sending message 105 to peer 0x55df0669c9b0 (25 bytes)
1715921497.517322 sending message 105 to peer 0x55df0669c9b0 (18 bytes)
1715921497.517331 sending message 105 to peer 0x55df0669c9b0 (27 bytes)
1715921497.517340 sending message 105 to peer 0x55df0669c9b0 (21 bytes)
1715921497.517350 sending message 105 to peer 0x55df0669c9b0 (31 bytes)
1715921497.517360 sending message 105 to peer 0x55df0669c9b0 (20 bytes)
1715921497.517370 sending message 105 to peer 0x55df0669c9b0 (187 bytes)
1715921497.517381 sending message 105 to peer 0x55df0669c9b0 (668 bytes)
1715921497.517391 sending message 105 to peer 0x55df0669c9b0 (23 bytes)
1715921497.517402 sending message 105 to peer 0x55df0669c9b0 (54 bytes)
1715921497.517411 sending message 105 to peer 0x55df0669c9b0 (17 bytes)
1715921497.517420 sending message 105 to peer 0x55df0669c9b0 (54 bytes)
1715921497.517431 sending message 105 to peer 0x55df0669c9b0 (23 bytes)
1715921497.517441 sending message 105 to peer 0x55df0669c9b0 (45 bytes)
1715921497.517452 sending message 105 to peer 0x55df0669c9b0 (18 bytes)
1715921497.517463 sending message 105 to peer 0x55df0669c9b0 (16 bytes)
1715921497.517474 sending message 106 to peer 0x55df0669c9b0 (0 bytes)
1715921497.517488 sending message 200 to peer 0x55df0669c9b0 (4 bytes)
1715921497.517498 client loop enter
1715921497.518496 peer 0x55df0669c9b0 message 303
1715921497.518528 open write file 2 -
1715921497.518549 sending message 305 to peer 0x55df0669c9b0 (8 bytes)
1715921497.518582 write check file 2
1715921497.518720 peer 0x55df0669c9b0 message 304
1715921497.518733 write 58 to file 2
1715921497.518745 peer 0x55df0669c9b0 message 203
1715921497.518755 file 2 58 bytes left
1715921497.518784 write check file 2
1715921497.518794 client loop exit
